<?xml version="1.0" encoding="UTF-8"?>
<coverage generated="1677017137766" clover="3.2.0">
  <project timestamp="1677017137766" name="All files">
    <metrics statements="6" coveredstatements="6" conditionals="8" coveredconditionals="8" methods="1" coveredmethods="1" elements="15" coveredelements="15" complexity="0" loc="6" ncloc="6" packages="1" files="1" classes="1"/>
    <file name="sum.js" path="/home/rodrigo/Área de Trabalho/Trybe.curso/trybe-exercicios/Fundamentos/Secao06:Teste-unitarios/Dia02/exercicio-01/sum.js">
      <metrics statements="6" coveredstatements="6" conditionals="8" coveredconditionals="8" methods="1" coveredmethods="1"/>
      <line num="1" count="1" type="stmt"/>
      <line num="2" count="6" type="cond" truecount="4" falsecount="0"/>
      <line num="3" count="3" type="stmt"/>
      <line num="4" count="3" type="cond" truecount="4" falsecount="0"/>
      <line num="5" count="1" type="stmt"/>
      <line num="7" count="2" type="stmt"/>
    </file>
  </project>
</coverage>
