{"/home/rodrigo/Área de Trabalho/Trybe.curso/trybe-exercicios/Fundamentos/Secao06:Teste-unitarios/Dia02/exercicio-01/sum.js": {"path":"/home/rodrigo/Área de Trabalho/Trybe.curso/trybe-exercicios/Fundamentos/Secao06:Teste-unitarios/Dia02/exercicio-01/sum.js","statementMap":{"0":{"start":{"line":1,"column":12},"end":{"line":10,"column":1}},"1":{"start":{"line":2,"column":4},"end":{"line":8,"column":5}},"2":{"start":{"line":3,"column":8},"end":{"line":3,"column":26}},"3":{"start":{"line":4,"column":10},"end":{"line":8,"column":5}},"4":{"start":{"line":5,"column":12},"end":{"line":5,"column":39}},"5":{"start":{"line":7,"column":8},"end":{"line":7,"column":49}}},"fnMap":{"0":{"name":"(anonymous_0)","decl":{"start":{"line":1,"column":12},"end":{"line":1,"column":13}},"loc":{"start":{"line":1,"column":27},"end":{"line":10,"column":1}},"line":1}},"branchMap":{"0":{"loc":{"start":{"line":2,"column":4},"end":{"line":8,"column":5}},"type":"if","locations":[{"start":{"line":2,"column":4},"end":{"line":8,"column":5}},{"start":{"line":4,"column":10},"end":{"line":8,"column":5}}],"line":2},"1":{"loc":{"start":{"line":2,"column":7},"end":{"line":2,"column":58}},"type":"binary-expr","locations":[{"start":{"line":2,"column":7},"end":{"line":2,"column":30}},{"start":{"line":2,"column":34},"end":{"line":2,"column":58}}],"line":2},"2":{"loc":{"start":{"line":4,"column":10},"end":{"line":8,"column":5}},"type":"if","locations":[{"start":{"line":4,"column":10},"end":{"line":8,"column":5}},{"start":{"line":6,"column":11},"end":{"line":8,"column":5}}],"line":4},"3":{"loc":{"start":{"line":4,"column":13},"end":{"line":4,"column":50}},"type":"binary-expr","locations":[{"start":{"line":4,"column":13},"end":{"line":4,"column":29}},{"start":{"line":4,"column":33},"end":{"line":4,"column":50}}],"line":4}},"s":{"0":1,"1":6,"2":3,"3":3,"4":1,"5":2},"f":{"0":6},"b":{"0":[3,3],"1":[6,3],"2":[1,2],"3":[3,2]},"_coverageSchema":"1a1c01bbd47fc00a2c39e90264f33305004495a9","hash":"3f250d5e140a03b60d0661ca3e39a800d2e0f350"}
}
